mode: set
distclus/vectors/vectors.go:12.42,14.2 1 1
distclus/vectors/vectors.go:17.60,21.31 4 1
distclus/vectors/vectors.go:25.2,25.23 1 1
distclus/vectors/vectors.go:21.31,24.3 2 1
distclus/vectors/vectors.go:29.92,36.27 7 1
distclus/vectors/vectors.go:36.27,38.3 1 1
distclus/vectors/vectors.go:42.54,47.2 4 1
distclus/vectors/vectors.go:50.53,51.19 1 1
distclus/vectors/vectors.go:55.2,55.8 1 1
distclus/vectors/vectors.go:51.19,54.3 2 1
distclus/factory/factory.go:13.71,14.31 1 1
distclus/factory/factory.go:21.2,21.8 1 1
distclus/factory/factory.go:15.17,16.33 1 1
distclus/factory/factory.go:17.16,18.32 1 1
distclus/factory/factory.go:25.150,28.31 3 1
distclus/factory/factory.go:34.2,34.17 1 1
distclus/factory/factory.go:38.2,38.8 1 1
distclus/factory/factory.go:29.14,30.68 1 1
distclus/factory/factory.go:31.16,32.70 1 1
distclus/factory/factory.go:34.17,36.3 1 1
distclus/main.go:56.13,59.15 3 0
distclus/main.go:60.29,61.12 1 0
distclus/main.go:65.16,83.16 6 0
distclus/main.go:87.2,87.16 1 0
distclus/main.go:98.2,102.27 4 0
distclus/main.go:106.2,112.24 6 0
distclus/main.go:117.2,122.33 5 0
distclus/main.go:83.16,85.3 1 0
distclus/main.go:88.17,92.25 3 0
distclus/main.go:95.3,95.58 1 0
distclus/main.go:92.25,94.4 1 0
distclus/main.go:102.27,104.3 1 0
distclus/main.go:112.24,115.3 2 0
distclus/main.go:125.42,127.20 2 0
distclus/main.go:137.2,139.28 3 0
distclus/main.go:127.20,129.17 2 0
distclus/main.go:132.3,133.18 2 0
distclus/main.go:129.17,130.14 1 0
distclus/main.go:134.8,136.3 1 0
distclus/main.go:139.28,141.17 2 0
distclus/main.go:141.17,142.54 1 0
distclus/main.go:147.48,149.20 2 0
distclus/main.go:159.2,161.28 3 0
distclus/main.go:149.20,151.17 2 0
distclus/main.go:154.3,155.18 2 0
distclus/main.go:151.17,152.14 1 0
distclus/main.go:156.8,158.3 1 0
distclus/main.go:161.28,163.17 2 0
distclus/main.go:163.17,164.54 1 0
distclus/main.go:169.53,172.14 2 0
distclus/main.go:179.2,179.20 1 0
distclus/main.go:173.16,174.37 1 0
distclus/main.go:175.18,176.39 1 0
distclus/main.go:182.52,184.19 2 0
distclus/main.go:193.2,198.16 5 0
distclus/main.go:201.2,201.20 1 0
distclus/main.go:204.2,206.15 3 0
distclus/main.go:209.2,209.27 1 0
distclus/main.go:222.2,222.21 1 0
distclus/main.go:184.19,186.17 2 0
distclus/main.go:189.3,189.8 1 0
distclus/main.go:186.17,187.14 1 0
distclus/main.go:190.8,192.3 1 0
distclus/main.go:198.16,199.13 1 0
distclus/main.go:201.20,202.22 1 0
distclus/main.go:206.15,207.30 1 0
distclus/main.go:209.27,210.23 1 0
distclus/main.go:213.3,214.27 2 0
distclus/main.go:220.3,220.37 1 0
distclus/main.go:210.23,211.53 1 0
distclus/main.go:214.27,216.18 2 0
distclus/main.go:216.18,217.15 1 0
distclus/core/util.go:4.69,8.9 3 1
distclus/core/util.go:9.27,10.19 1 1
distclus/core/util.go:12.25,13.24 1 1
distclus/core/util.go:15.10,16.27 1 1
distclus/core/algo.go:41.54,50.2 1 1
distclus/core/algo.go:53.60,54.21 1 1
distclus/core/algo.go:66.2,66.8 1 1
distclus/core/algo.go:55.15,56.45 1 1
distclus/core/algo.go:57.10,62.46 5 1
distclus/core/algo.go:62.46,64.4 1 1
distclus/core/algo.go:70.49,71.21 1 1
distclus/core/algo.go:77.2,77.8 1 1
distclus/core/algo.go:72.14,73.39 1 1
distclus/core/algo.go:74.10,75.30 1 1
distclus/core/algo.go:81.47,82.28 1 1
distclus/core/algo.go:90.2,90.26 1 1
distclus/core/algo.go:105.2,105.8 1 1
distclus/core/algo.go:82.28,84.17 2 1
distclus/core/algo.go:84.17,86.4 1 1
distclus/core/algo.go:86.9,88.4 1 1
distclus/core/algo.go:90.26,91.12 1 1
distclus/core/algo.go:91.12,93.18 2 1
distclus/core/algo.go:93.18,96.5 2 1
distclus/core/algo.go:97.9,101.4 3 1
distclus/core/algo.go:102.8,104.3 1 1
distclus/core/algo.go:109.31,111.2 1 1
distclus/core/algo.go:114.31,116.2 1 1
distclus/core/algo.go:119.33,121.2 1 1
distclus/core/algo.go:124.75,128.16 3 1
distclus/core/algo.go:132.2,132.8 1 1
distclus/core/algo.go:128.16,130.3 1 1
distclus/core/algo.go:136.39,137.28 1 1
distclus/core/algo.go:141.2,142.8 2 1
distclus/core/algo.go:137.28,140.3 2 1
distclus/core/algo.go:145.52,149.2 3 1
distclus/core/algo.go:152.41,161.2 1 1
distclus/core/algo.go:164.30,166.28 2 1
distclus/core/algo.go:166.28,168.17 2 1
distclus/core/algo.go:168.17,170.4 1 1
distclus/core/buffer.go:27.51,33.9 2 1
distclus/core/buffer.go:53.2,53.12 1 1
distclus/core/buffer.go:34.24,38.34 3 1
distclus/core/buffer.go:40.16,44.39 3 1
distclus/core/buffer.go:46.10,50.22 3 1
distclus/core/buffer.go:57.51,58.13 1 1
distclus/core/buffer.go:63.2,63.8 1 1
distclus/core/buffer.go:58.13,60.3 1 1
distclus/core/buffer.go:60.8,62.3 1 1
distclus/core/buffer.go:67.44,69.2 1 1
distclus/core/buffer.go:72.45,75.2 2 1
distclus/core/buffer.go:78.42,79.29 1 1
distclus/core/buffer.go:82.2,82.8 1 1
distclus/core/buffer.go:79.29,81.3 1 1
distclus/core/buffer.go:87.46,90.9 2 1
distclus/core/buffer.go:100.2,100.8 1 1
distclus/core/buffer.go:91.28,92.9 1 1
distclus/core/buffer.go:95.3,95.12 1 1
distclus/core/buffer.go:96.10,97.15 1 1
distclus/core/buffer.go:92.9,94.4 1 1
distclus/core/buffer.go:114.69,115.26 1 1
distclus/core/buffer.go:119.2,119.28 1 1
distclus/core/buffer.go:125.2,127.13 2 1
distclus/core/buffer.go:115.26,117.3 1 1
distclus/core/buffer.go:119.28,121.3 1 1
distclus/core/buffer.go:121.8,123.3 1 1
distclus/core/buffer.go:134.72,136.2 1 1
distclus/core/clustering.go:28.87,32.31 3 1
distclus/core/clustering.go:44.2,44.8 1 1
distclus/core/clustering.go:32.31,35.21 2 1
distclus/core/clustering.go:35.21,38.4 2 1
distclus/core/clustering.go:38.9,41.4 2 1
distclus/core/clustering.go:48.75,51.31 2 1
distclus/core/clustering.go:56.2,56.8 1 1
distclus/core/clustering.go:51.31,54.3 2 1
distclus/core/clustering.go:60.92,64.2 3 1
distclus/core/clustering.go:67.73,70.31 2 1
distclus/core/clustering.go:75.2,75.12 1 1
distclus/core/clustering.go:70.31,73.3 2 1
distclus/core/clustering.go:79.76,83.31 3 1
distclus/core/clustering.go:90.2,90.19 1 1
distclus/core/clustering.go:83.31,84.47 1 1
distclus/core/clustering.go:84.47,87.4 2 1
distclus/core/clustering.go:94.62,96.22 1 1
distclus/core/clustering.go:101.2,104.35 3 1
distclus/core/clustering.go:109.2,109.8 1 1
distclus/core/clustering.go:96.22,99.3 2 1
distclus/core/clustering.go:104.35,107.3 2 1
distclus/core/clustering.go:113.91,115.2 1 1
distclus/kmeans/algo.go:11.123,14.20 3 1
distclus/kmeans/algo.go:19.2,22.26 4 1
distclus/kmeans/algo.go:14.20,16.3 1 1
distclus/kmeans/algo.go:16.8,18.3 1 1
distclus/kmeans/conf.go:20.24,21.16 1 1
distclus/kmeans/conf.go:25.2,25.19 1 1
distclus/kmeans/conf.go:21.16,22.56 1 1
distclus/kmeans/conf.go:25.19,26.62 1 1
distclus/kmeans/conf.go:31.36,32.22 1 1
distclus/kmeans/conf.go:32.22,35.3 2 1
distclus/kmeans/impl.go:21.87,29.2 3 1
distclus/kmeans/impl.go:32.82,36.2 3 1
distclus/kmeans/impl.go:39.163,41.68 2 1
distclus/kmeans/impl.go:55.2,55.8 1 1
distclus/kmeans/impl.go:41.68,42.10 1 1
distclus/kmeans/impl.go:44.18,47.38 3 1
distclus/kmeans/impl.go:49.11,52.29 3 1
distclus/kmeans/impl.go:59.48,61.2 1 1
distclus/kmeans/impl.go:64.36,66.2 1 1
distclus/kmeans/init.go:18.54,20.2 1 1
distclus/kmeans/init.go:23.52,24.11 1 1
distclus/kmeans/init.go:30.2,30.8 1 1
distclus/kmeans/init.go:24.11,26.3 1 1
distclus/kmeans/init.go:26.8,26.28 1 1
distclus/kmeans/init.go:26.28,28.3 1 1
distclus/kmeans/init.go:34.117,37.16 2 1
distclus/kmeans/init.go:44.2,44.8 1 1
distclus/kmeans/init.go:37.16,39.26 2 1
distclus/kmeans/init.go:39.26,41.4 1 1
distclus/kmeans/init.go:48.116,52.16 3 1
distclus/kmeans/init.go:61.2,61.8 1 1
distclus/kmeans/init.go:52.16,56.26 3 1
distclus/kmeans/init.go:56.26,58.4 1 1
distclus/kmeans/init.go:65.97,68.29 2 1
distclus/kmeans/init.go:73.2,74.33 2 1
distclus/kmeans/init.go:68.29,71.3 2 1
distclus/kmeans/init.go:78.118,82.16 3 1
distclus/kmeans/init.go:98.2,98.8 1 1
distclus/kmeans/init.go:82.16,86.13 3 1
distclus/kmeans/init.go:86.13,90.14 3 1
distclus/kmeans/init.go:90.14,94.5 3 1
distclus/kmeans/init.go:102.61,106.28 3 1
distclus/kmeans/init.go:110.2,111.17 2 1
distclus/kmeans/init.go:115.2,115.16 1 1
distclus/kmeans/init.go:106.28,108.3 1 1
distclus/kmeans/init.go:111.17,114.3 2 1
distclus/kmeans/par.go:10.111,16.2 3 1
distclus/kmeans/par.go:35.107,39.2 3 1
distclus/kmeans/par.go:41.125,50.39 4 1
distclus/kmeans/par.go:55.2,58.8 3 1
distclus/kmeans/par.go:50.39,53.3 2 1
distclus/kmeans/par.go:61.109,68.2 4 1
distclus/kmeans/par.go:70.70,72.34 2 1
distclus/kmeans/par.go:81.2,81.18 1 1
distclus/kmeans/par.go:72.34,73.28 1 1
distclus/kmeans/par.go:73.28,76.4 2 1
distclus/kmeans/par.go:76.9,78.4 1 1
distclus/kmeans/par.go:84.94,85.43 1 1
distclus/kmeans/par.go:98.2,98.18 1 1
distclus/kmeans/par.go:85.43,86.10 1 1
distclus/kmeans/par.go:87.32,89.39 2 1
distclus/kmeans/par.go:91.27,94.40 2 1
distclus/kmeans/par.go:101.80,103.33 2 1
distclus/kmeans/par.go:110.2,110.15 1 1
distclus/kmeans/par.go:103.33,104.24 1 1
distclus/kmeans/par.go:104.24,106.4 1 1
distclus/kmeans/par.go:106.9,108.4 1 0
distclus/kmeans/seq.go:8.104,10.2 1 1
distclus/kmeans/seq.go:17.108,20.2 2 1
distclus/kmeans/seq.go:22.93,23.35 1 1
distclus/kmeans/seq.go:28.2,28.15 1 1
distclus/kmeans/seq.go:23.35,24.23 1 1
distclus/kmeans/seq.go:24.23,26.4 1 1
distclus/mcmc/par.go:11.107,17.2 3 1
distclus/mcmc/par.go:36.129,52.2 6 1
distclus/mcmc/par.go:55.113,59.2 3 1
distclus/mcmc/par.go:61.127,69.39 7 1
distclus/mcmc/par.go:74.2,77.16 3 1
distclus/mcmc/par.go:69.39,72.3 2 1
distclus/mcmc/par.go:80.118,88.2 5 1
distclus/mcmc/par.go:90.52,92.32 2 1
distclus/mcmc/par.go:96.2,96.18 1 1
distclus/mcmc/par.go:92.32,95.3 2 1
distclus/mcmc/seq.go:9.100,11.2 1 1
distclus/mcmc/seq.go:18.138,33.2 6 1
distclus/mcmc/seq.go:36.112,38.2 1 1
distclus/mcmc/store.go:17.50,22.2 1 1
distclus/mcmc/store.go:25.111,28.9 2 1
distclus/mcmc/store.go:32.2,32.16 1 1
distclus/mcmc/store.go:28.9,30.3 1 1
distclus/mcmc/store.go:36.56,38.2 1 1
distclus/mcmc/store.go:40.118,43.9 2 1
distclus/mcmc/store.go:54.2,54.8 1 1
distclus/mcmc/store.go:44.17,45.52 1 1
distclus/mcmc/store.go:47.17,48.46 1 1
distclus/mcmc/store.go:50.18,51.15 1 1
distclus/mcmc/store.go:57.121,59.29 2 1
distclus/mcmc/store.go:62.2,63.8 2 1
distclus/mcmc/store.go:59.29,61.3 1 1
distclus/mcmc/store.go:66.102,69.31 3 1
distclus/mcmc/store.go:76.2,76.8 1 1
distclus/mcmc/store.go:69.31,70.14 1 1
distclus/mcmc/store.go:70.14,72.4 1 1
distclus/mcmc/store.go:72.9,74.4 1 1
distclus/mcmc/algo.go:11.123,14.20 3 1
distclus/mcmc/algo.go:17.2,18.18 2 1
distclus/mcmc/algo.go:23.2,26.26 4 1
distclus/mcmc/algo.go:14.20,16.3 1 0
distclus/mcmc/algo.go:18.18,20.3 1 1
distclus/mcmc/algo.go:20.8,22.3 1 1
distclus/mcmc/algo.go:30.41,32.2 1 1
distclus/mcmc/conf.go:29.33,30.19 1 1
distclus/mcmc/conf.go:33.2,33.17 1 1
distclus/mcmc/conf.go:30.19,32.3 1 1
distclus/mcmc/conf.go:37.33,38.19 1 1
distclus/mcmc/conf.go:41.2,41.17 1 1
distclus/mcmc/conf.go:38.19,40.3 1 1
distclus/mcmc/conf.go:45.36,46.20 1 1
distclus/mcmc/conf.go:56.2,56.18 1 1
distclus/mcmc/conf.go:46.20,49.13 2 1
distclus/mcmc/conf.go:53.3,53.80 1 1
distclus/mcmc/conf.go:49.13,51.4 1 1
distclus/mcmc/conf.go:60.36,61.22 1 1
distclus/mcmc/conf.go:65.2,65.27 1 1
distclus/mcmc/conf.go:68.2,68.20 1 1
distclus/mcmc/conf.go:71.2,71.20 1 1
distclus/mcmc/conf.go:74.2,74.17 1 1
distclus/mcmc/conf.go:77.2,77.18 1 1
distclus/mcmc/conf.go:80.2,80.20 1 1
distclus/mcmc/conf.go:61.22,64.3 2 1
distclus/mcmc/conf.go:65.27,67.3 1 1
distclus/mcmc/conf.go:68.20,70.3 1 1
distclus/mcmc/conf.go:71.20,73.3 1 1
distclus/mcmc/conf.go:74.17,76.3 1 0
distclus/mcmc/conf.go:77.18,79.3 1 0
distclus/mcmc/conf.go:80.20,82.3 1 1
distclus/mcmc/conf.go:86.24,87.20 1 1
distclus/mcmc/conf.go:91.2,91.46 1 1
distclus/mcmc/conf.go:95.2,95.23 1 1
distclus/mcmc/conf.go:87.20,88.60 1 1
distclus/mcmc/conf.go:91.46,92.89 1 1
distclus/mcmc/conf.go:95.23,96.66 1 1
distclus/mcmc/impl.go:30.82,34.2 3 1
distclus/mcmc/impl.go:37.104,51.2 5 1
distclus/mcmc/impl.go:53.76,54.19 1 1
distclus/mcmc/impl.go:57.2,57.25 1 1
distclus/mcmc/impl.go:54.19,56.3 1 1
distclus/mcmc/impl.go:57.25,59.3 1 1
distclus/mcmc/impl.go:63.163,74.61 5 1
distclus/mcmc/impl.go:88.2,88.8 1 1
distclus/mcmc/impl.go:74.61,75.10 1 1
distclus/mcmc/impl.go:76.18,79.38 3 1
distclus/mcmc/impl.go:81.11,85.29 4 1
distclus/mcmc/impl.go:92.36,94.2 1 1
distclus/mcmc/impl.go:97.48,99.2 1 1
distclus/mcmc/impl.go:108.137,111.38 2 1
distclus/mcmc/impl.go:118.2,119.27 2 1
distclus/mcmc/impl.go:111.38,116.3 4 1
distclus/mcmc/impl.go:122.124,133.2 5 1
distclus/mcmc/impl.go:135.75,142.2 5 1
distclus/mcmc/impl.go:144.66,147.9 2 1
distclus/mcmc/impl.go:148.16,149.11 1 0
distclus/mcmc/impl.go:150.24,151.19 1 1
distclus/mcmc/impl.go:152.24,153.19 1 1
distclus/mcmc/impl.go:154.10,155.14 1 1
distclus/mcmc/impl.go:159.83,162.26 2 1
distclus/mcmc/impl.go:166.2,166.15 1 1
distclus/mcmc/impl.go:162.26,164.3 1 1
distclus/mcmc/impl.go:169.84,171.22 2 1
distclus/mcmc/impl.go:174.2,174.10 1 1
distclus/mcmc/impl.go:171.22,173.3 1 1
distclus/mcmc/impl.go:178.41,180.2 1 1
distclus/mcmc/multivt.go:27.43,31.32 3 1
distclus/mcmc/multivt.go:35.2,44.10 8 1
distclus/mcmc/multivt.go:31.32,34.3 2 1
distclus/mcmc/multivt.go:48.51,54.22 5 1
distclus/mcmc/multivt.go:58.2,58.10 1 1
distclus/mcmc/multivt.go:54.22,56.3 1 1
distclus/mcmc/multivt.go:62.48,67.24 4 1
distclus/mcmc/multivt.go:72.2,74.39 3 1
distclus/mcmc/multivt.go:67.24,70.3 2 1
